2018-04-05T04:30:25.006Z - error: Error when processing render request Error during rendering report: Parse error on line 1:
...ayLoudly this.name}}
-----------------------^
Expecting 'COMMENT', 'CONTENT', 'OPEN_RAW_BLOCK', 'OPEN_BLOCK', 'OPEN_INVERSE', 'OPEN_INVERSE_CHAIN', 'INVERSE', 'OPEN_ENDBLOCK', 'OPEN', 'OPEN_UNESCAPED', 'OPEN_PARTIAL', 'OPEN_PARTIAL_BLOCK', got 'EOF' D:\pro\Aimforseva\node_modules\handlebars\dist\cjs\handlebars\compiler\parser.js:267
            throw new Error(str);
            ^

Error: Parse error on line 1:
...ayLoudly this.name}}
-----------------------^
Expecting 'COMMENT', 'CONTENT', 'OPEN_RAW_BLOCK', 'OPEN_BLOCK', 'OPEN_INVERSE', 'OPEN_INVERSE_CHAIN', 'INVERSE', 'OPEN_ENDBLOCK', 'OPEN', 'OPEN_UNESCAPED', 'OPEN_PARTIAL', 'OPEN_PARTIAL_BLOCK', got 'EOF'
    at Parser.parseError (D:\pro\Aimforseva\node_modules\handlebars\dist\cjs\handlebars\compiler\parser.js:267:19)
    at Parser.parse (D:\pro\Aimforseva\node_modules\handlebars\dist\cjs\handlebars\compiler\parser.js:336:30)
    at HandlebarsEnvironment.parse (D:\pro\Aimforseva\node_modules\handlebars\dist\cjs\handlebars\compiler\base.js:46:43)
    at compileInput (D:\pro\Aimforseva\node_modules\handlebars\dist\cjs\handlebars\compiler\compiler.js:514:19)
    at ret (D:\pro\Aimforseva\node_modules\handlebars\dist\cjs\handlebars\compiler\compiler.js:523:18)
    at D:\pro\Aimforseva\node_modules\jsreport-handlebars\lib\handlebarsEngine.js:25:14
    at evalmachine.<anonymous>:1:41
    at ContextifyScript.Script.runInContext (vm.js:59:29)
    at ContextifyScript.Script.runInNewContext (vm.js:65:15)
    at Object.runInNewContext (vm.js:135:38) requestId=1
